<?xml version="1.0" encoding="utf-8"?>
<test-run id="2" name="Microsoft.Dnx.Loader.dll" fullname="C:/Users/Pierre/.dnx/runtimes/dnx-clr-win-x64.1.0.0-rc2-16237/bin/Microsoft.Dnx.Loader.dll" testcasecount="44" result="Failed" start-time="2015-11-27 12:53:16Z" end-time="2015-11-27 12:53:17Z" duration="1.265252" total="44" passed="43" failed="1" inconclusive="0" skipped="0" asserts="218" random-seed="1273606889">
  <command-line><![CDATA["C:\Users\Pierre\.dnx\runtimes\dnx-clr-win-x64.1.0.0-rc2-16237\bin\dnx.exe" WebSockets.Tests]]></command-line>
  <filter />
  <test-suite type="Assembly" id="1048" name="Microsoft.Dnx.Loader.dll" fullname="C:/Users/Pierre/.dnx/runtimes/dnx-clr-win-x64.1.0.0-rc2-16237/bin/Microsoft.Dnx.Loader.dll" runstate="Runnable" testcasecount="44" result="Failed" site="Child" start-time="2015-11-27 12:53:16Z" end-time="2015-11-27 12:53:17Z" duration="1.265252" total="44" passed="43" failed="1" inconclusive="0" skipped="0" asserts="218">
    <environment framework-version="3.0.5797.27534" clr-version="4.0.30319.42000" os-version="Microsoft Windows NT 10.0.10240.0" platform="Win32NT" cwd="D:\Programmation\WebSocketListener\WebSockets.Tests" machine-name="PORTABLE" user="Pierre" user-domain="PORTABLE" culture="fr-FR" uiculture="fr-FR" os-architecture="x64" />
    <settings>
      <setting name="WorkDirectory" value="D:\Programmation\WebSocketListener\WebSockets.Tests" />
      <setting name="NumberOfTestWorkers" value="8" />
    </settings>
    <properties>
      <property name="_PID" value="86264" />
      <property name="_APPDOMAIN" value="DefaultDomain" />
    </properties>
    <failure>
      <message><![CDATA[One or more child tests had errors]]></message>
    </failure>
    <test-suite type="TestSuite" id="1049" name="WebSockets" fullname="WebSockets" runstate="Runnable" testcasecount="44" result="Failed" site="Child" start-time="2015-11-27 12:53:16Z" end-time="2015-11-27 12:53:17Z" duration="1.257327" total="44" passed="43" failed="1" inconclusive="0" skipped="0" asserts="218">
      <failure>
        <message><![CDATA[One or more child tests had errors]]></message>
      </failure>
      <test-suite type="TestSuite" id="1050" name="Tests" fullname="WebSockets.Tests" runstate="Runnable" testcasecount="44" result="Failed" site="Child" start-time="2015-11-27 12:53:16Z" end-time="2015-11-27 12:53:17Z" duration="1.257198" total="44" passed="43" failed="1" inconclusive="0" skipped="0" asserts="218">
        <failure>
          <message><![CDATA[One or more child tests had errors]]></message>
        </failure>
        <test-suite type="TestFixture" id="1000" name="With_WebSocket" fullname="WebSockets.Tests.With_WebSocket" classname="WebSockets.Tests.With_WebSocket" runstate="Runnable" testcasecount="11" result="Passed" start-time="2015-11-27 12:53:16Z" end-time="2015-11-27 12:53:17Z" duration="1.017896" total="11" passed="11" failed="0" inconclusive="0" skipped="0" asserts="25">
          <test-case id="1011" name="With_WebSocket_CanDetectHalfOpenConnection" fullname="WebSockets.Tests.With_WebSocket.With_WebSocket_CanDetectHalfOpenConnection" methodname="With_WebSocket_CanDetectHalfOpenConnection" classname="WebSockets.Tests.With_WebSocket" runstate="Runnable" seed="1152481947" result="Passed" start-time="2015-11-27 12:53:16Z" end-time="2015-11-27 12:53:17Z" duration="0.537883" asserts="1" />
          <test-case id="1005" name="With_WebSocket_CanReadEmptyMessage" fullname="WebSockets.Tests.With_WebSocket.With_WebSocket_CanReadEmptyMessage" methodname="With_WebSocket_CanReadEmptyMessage" classname="WebSockets.Tests.With_WebSocket" runstate="Runnable" seed="813987263" result="Passed" start-time="2015-11-27 12:53:17Z" end-time="2015-11-27 12:53:17Z" duration="0.017140" asserts="2" />
          <test-case id="1006" name="With_WebSocket_CanReadEmptyMessagesFollowedWithNonEmptyMessage" fullname="WebSockets.Tests.With_WebSocket.With_WebSocket_CanReadEmptyMessagesFollowedWithNonEmptyMessage" methodname="With_WebSocket_CanReadEmptyMessagesFollowedWithNonEmptyMessage" classname="WebSockets.Tests.With_WebSocket" runstate="Runnable" seed="1896201078" result="Passed" start-time="2015-11-27 12:53:17Z" end-time="2015-11-27 12:53:17Z" duration="0.002490" asserts="6" />
          <test-case id="1001" name="With_WebSocket_CanReadSmallFrame" fullname="WebSockets.Tests.With_WebSocket.With_WebSocket_CanReadSmallFrame" methodname="With_WebSocket_CanReadSmallFrame" classname="WebSockets.Tests.With_WebSocket" runstate="Runnable" seed="798259755" result="Passed" start-time="2015-11-27 12:53:17Z" end-time="2015-11-27 12:53:17Z" duration="0.003798" asserts="4" />
          <test-case id="1004" name="With_WebSocket_CanReadThreeSmallPartialFrames" fullname="WebSockets.Tests.With_WebSocket.With_WebSocket_CanReadThreeSmallPartialFrames" methodname="With_WebSocket_CanReadThreeSmallPartialFrames" classname="WebSockets.Tests.With_WebSocket" runstate="Runnable" seed="277322916" result="Passed" start-time="2015-11-27 12:53:17Z" end-time="2015-11-27 12:53:17Z" duration="0.001323" asserts="2" />
          <test-case id="1002" name="With_WebSocket_CanReadTwoBufferedSmallFrames" fullname="WebSockets.Tests.With_WebSocket.With_WebSocket_CanReadTwoBufferedSmallFrames" methodname="With_WebSocket_CanReadTwoBufferedSmallFrames" classname="WebSockets.Tests.With_WebSocket" runstate="Runnable" seed="1630670862" result="Passed" start-time="2015-11-27 12:53:17Z" end-time="2015-11-27 12:53:17Z" duration="0.001064" asserts="5" />
          <test-case id="1003" name="With_WebSocket_CanReadTwoSmallPartialFrames" fullname="WebSockets.Tests.With_WebSocket.With_WebSocket_CanReadTwoSmallPartialFrames" methodname="With_WebSocket_CanReadTwoSmallPartialFrames" classname="WebSockets.Tests.With_WebSocket" runstate="Runnable" seed="993609143" result="Passed" start-time="2015-11-27 12:53:17Z" end-time="2015-11-27 12:53:17Z" duration="0.000714" asserts="2" />
          <test-case id="1010" name="With_WebSocket_CanWriteTwoSequentialMessages" fullname="WebSockets.Tests.With_WebSocket.With_WebSocket_CanWriteTwoSequentialMessages" methodname="With_WebSocket_CanWriteTwoSequentialMessages" classname="WebSockets.Tests.With_WebSocket" runstate="Runnable" seed="1687410536" result="Passed" start-time="2015-11-27 12:53:17Z" end-time="2015-11-27 12:53:17Z" duration="0.001979" asserts="0" />
          <test-case id="1007" name="With_WebSocket_FailsWithDoubleMessageAwait" fullname="WebSockets.Tests.With_WebSocket.With_WebSocket_FailsWithDoubleMessageAwait" methodname="With_WebSocket_FailsWithDoubleMessageAwait" classname="WebSockets.Tests.With_WebSocket" runstate="Runnable" seed="421480137" result="Passed" start-time="2015-11-27 12:53:17Z" end-time="2015-11-27 12:53:17Z" duration="0.002991" asserts="1" />
          <test-case id="1008" name="With_WebSocket_FailsWithDoubleMessageRead" fullname="WebSockets.Tests.With_WebSocket.With_WebSocket_FailsWithDoubleMessageRead" methodname="With_WebSocket_FailsWithDoubleMessageRead" classname="WebSockets.Tests.With_WebSocket" runstate="Runnable" seed="1658039280" result="Passed" start-time="2015-11-27 12:53:17Z" end-time="2015-11-27 12:53:17Z" duration="0.000753" asserts="1" />
          <test-case id="1009" name="With_WebSocket_FailsWithDoubleMessageWrite" fullname="WebSockets.Tests.With_WebSocket.With_WebSocket_FailsWithDoubleMessageWrite" methodname="With_WebSocket_FailsWithDoubleMessageWrite" classname="WebSockets.Tests.With_WebSocket" runstate="Runnable" seed="591261833" result="Passed" start-time="2015-11-27 12:53:17Z" end-time="2015-11-27 12:53:17Z" duration="0.000627" asserts="1" />
        </test-suite>
        <test-suite type="TestFixture" id="1012" name="With_WebSocketFrameHeader" fullname="WebSockets.Tests.With_WebSocketFrameHeader" classname="WebSockets.Tests.With_WebSocketFrameHeader" runstate="Runnable" testcasecount="14" result="Failed" site="Child" start-time="2015-11-27 12:53:17Z" end-time="2015-11-27 12:53:17Z" duration="0.013840" total="14" passed="13" failed="1" inconclusive="0" skipped="0" asserts="56">
          <failure>
            <message><![CDATA[One or more child tests had errors]]></message>
          </failure>
          <test-case id="1016" name="With_WebSocketFrameHeaderFlags_Can_CreateBigHeader_Int32" fullname="WebSockets.Tests.With_WebSocketFrameHeader.With_WebSocketFrameHeaderFlags_Can_CreateBigHeader_Int32" methodname="With_WebSocketFrameHeaderFlags_Can_CreateBigHeader_Int32" classname="WebSockets.Tests.With_WebSocketFrameHeader" runstate="Runnable" seed="596653663" result="Passed" start-time="2015-11-27 12:53:17Z" end-time="2015-11-27 12:53:17Z" duration="0.002645" asserts="10" />
          <test-case id="1017" name="With_WebSocketFrameHeaderFlags_Can_CreateBigHeader_Int64" fullname="WebSockets.Tests.With_WebSocketFrameHeader.With_WebSocketFrameHeaderFlags_Can_CreateBigHeader_Int64" methodname="With_WebSocketFrameHeaderFlags_Can_CreateBigHeader_Int64" classname="WebSockets.Tests.With_WebSocketFrameHeader" runstate="Runnable" seed="787650010" result="Passed" start-time="2015-11-27 12:53:17Z" end-time="2015-11-27 12:53:17Z" duration="0.000514" asserts="10" />
          <test-case id="1021" name="With_WebSocketFrameHeaderFlags_Can_CreateBinaryFrameHeader" fullname="WebSockets.Tests.With_WebSocketFrameHeader.With_WebSocketFrameHeaderFlags_Can_CreateBinaryFrameHeader" methodname="With_WebSocketFrameHeaderFlags_Can_CreateBinaryFrameHeader" classname="WebSockets.Tests.With_WebSocketFrameHeader" runstate="Runnable" seed="1069402004" result="Passed" start-time="2015-11-27 12:53:17Z" end-time="2015-11-27 12:53:17Z" duration="0.000327" asserts="2" />
          <test-case id="1022" name="With_WebSocketFrameHeaderFlags_Can_CreateBinaryFrameHeader_WithExtensions" fullname="WebSockets.Tests.With_WebSocketFrameHeader.With_WebSocketFrameHeaderFlags_Can_CreateBinaryFrameHeader_WithExtensions" methodname="With_WebSocketFrameHeaderFlags_Can_CreateBinaryFrameHeader_WithExtensions" classname="WebSockets.Tests.With_WebSocketFrameHeader" runstate="Runnable" seed="1448988997" result="Passed" start-time="2015-11-27 12:53:17Z" end-time="2015-11-27 12:53:17Z" duration="0.000272" asserts="2" />
          <test-case id="1019" name="With_WebSocketFrameHeaderFlags_Can_CreateContinuationPartialFrameHeader" fullname="WebSockets.Tests.With_WebSocketFrameHeader.With_WebSocketFrameHeaderFlags_Can_CreateContinuationPartialFrameHeader" methodname="With_WebSocketFrameHeaderFlags_Can_CreateContinuationPartialFrameHeader" classname="WebSockets.Tests.With_WebSocketFrameHeader" runstate="Runnable" seed="1231727827" result="Passed" start-time="2015-11-27 12:53:17Z" end-time="2015-11-27 12:53:17Z" duration="0.000236" asserts="2" />
          <test-case id="1020" name="With_WebSocketFrameHeaderFlags_Can_CreateFinalPartialFrameHeader" fullname="WebSockets.Tests.With_WebSocketFrameHeader.With_WebSocketFrameHeaderFlags_Can_CreateFinalPartialFrameHeader" methodname="With_WebSocketFrameHeaderFlags_Can_CreateFinalPartialFrameHeader" classname="WebSockets.Tests.With_WebSocketFrameHeader" runstate="Runnable" seed="1923791459" result="Passed" start-time="2015-11-27 12:53:17Z" end-time="2015-11-27 12:53:17Z" duration="0.000237" asserts="2" />
          <test-case id="1014" name="With_WebSocketFrameHeaderFlags_Can_CreateMediumHeader" fullname="WebSockets.Tests.With_WebSocketFrameHeader.With_WebSocketFrameHeaderFlags_Can_CreateMediumHeader" methodname="With_WebSocketFrameHeaderFlags_Can_CreateMediumHeader" classname="WebSockets.Tests.With_WebSocketFrameHeader" runstate="Runnable" seed="1580158007" result="Passed" start-time="2015-11-27 12:53:17Z" end-time="2015-11-27 12:53:17Z" duration="0.000340" asserts="4" />
          <test-case id="1015" name="With_WebSocketFrameHeaderFlags_Can_CreateMediumHeader_BiggerThanInt16" fullname="WebSockets.Tests.With_WebSocketFrameHeader.With_WebSocketFrameHeaderFlags_Can_CreateMediumHeader_BiggerThanInt16" methodname="With_WebSocketFrameHeaderFlags_Can_CreateMediumHeader_BiggerThanInt16" classname="WebSockets.Tests.With_WebSocketFrameHeader" runstate="Runnable" seed="1542415269" result="Passed" start-time="2015-11-27 12:53:17Z" end-time="2015-11-27 12:53:17Z" duration="0.000313" asserts="4" />
          <test-case id="1013" name="With_WebSocketFrameHeaderFlags_Can_CreateSmallHeader" fullname="WebSockets.Tests.With_WebSocketFrameHeader.With_WebSocketFrameHeaderFlags_Can_CreateSmallHeader" methodname="With_WebSocketFrameHeaderFlags_Can_CreateSmallHeader" classname="WebSockets.Tests.With_WebSocketFrameHeader" runstate="Runnable" seed="1838194091" result="Passed" start-time="2015-11-27 12:53:17Z" end-time="2015-11-27 12:53:17Z" duration="0.000235" asserts="2" />
          <test-case id="1018" name="With_WebSocketFrameHeaderFlags_Can_CreateStartPartialFrameHeader" fullname="WebSockets.Tests.With_WebSocketFrameHeader.With_WebSocketFrameHeaderFlags_Can_CreateStartPartialFrameHeader" methodname="With_WebSocketFrameHeaderFlags_Can_CreateStartPartialFrameHeader" classname="WebSockets.Tests.With_WebSocketFrameHeader" runstate="Runnable" seed="1390597427" result="Passed" start-time="2015-11-27 12:53:17Z" end-time="2015-11-27 12:53:17Z" duration="0.000245" asserts="2" />
          <test-case id="1025" name="With_WebSocketFrameHeaderFlags_Can_ParseBigHeader" fullname="WebSockets.Tests.With_WebSocketFrameHeader.With_WebSocketFrameHeaderFlags_Can_ParseBigHeader" methodname="With_WebSocketFrameHeaderFlags_Can_ParseBigHeader" classname="WebSockets.Tests.With_WebSocketFrameHeader" runstate="Runnable" seed="953557922" result="Passed" start-time="2015-11-27 12:53:17Z" end-time="2015-11-27 12:53:17Z" duration="0.001747" asserts="5" />
          <test-case id="1024" name="With_WebSocketFrameHeaderFlags_Can_ParseMediumHeader" fullname="WebSockets.Tests.With_WebSocketFrameHeader.With_WebSocketFrameHeaderFlags_Can_ParseMediumHeader" methodname="With_WebSocketFrameHeaderFlags_Can_ParseMediumHeader" classname="WebSockets.Tests.With_WebSocketFrameHeader" runstate="Runnable" seed="674926834" result="Passed" start-time="2015-11-27 12:53:17Z" end-time="2015-11-27 12:53:17Z" duration="0.000420" asserts="5" />
          <test-case id="1023" name="With_WebSocketFrameHeaderFlags_Can_ParseSmallHeader" fullname="WebSockets.Tests.With_WebSocketFrameHeader.With_WebSocketFrameHeaderFlags_Can_ParseSmallHeader" methodname="With_WebSocketFrameHeaderFlags_Can_ParseSmallHeader" classname="WebSockets.Tests.With_WebSocketFrameHeader" runstate="Runnable" seed="392352118" result="Passed" start-time="2015-11-27 12:53:17Z" end-time="2015-11-27 12:53:17Z" duration="0.000335" asserts="5" />
          <test-case id="1026" name="With_WebSocketFrameHeaderFlags_Fail_ParseBigHeader_When_Overflows_Int64" fullname="WebSockets.Tests.With_WebSocketFrameHeader.With_WebSocketFrameHeaderFlags_Fail_ParseBigHeader_When_Overflows_Int64" methodname="With_WebSocketFrameHeaderFlags_Fail_ParseBigHeader_When_Overflows_Int64" classname="WebSockets.Tests.With_WebSocketFrameHeader" runstate="Runnable" seed="546864238" result="Failed" start-time="2015-11-27 12:53:17Z" end-time="2015-11-27 12:53:17Z" duration="0.005017" asserts="1">
            <failure>
              <message><![CDATA[  Expected: <System.Net.WebSockets.WebSocketException>
  But was:  <vtortola.WebSockets.WebSocketException: The maximum supported frame length is 9223372036854775807, current frame is 9223372036854775808
   à vtortola.WebSockets.Rfc6455.WebSocketFrameHeader.TryParse(Byte[] frameStart, Int32 offset, Int32 headerLength, ArraySegment`1 keySegment, WebSocketFrameHeader& header) dans D:\Programmation\WebSocketListener\vtortola.Core.WebSockets.Rfc6455\Header\WebSocketFrameHeader.cs:ligne 114
   à WebSockets.Tests.With_WebSocketFrameHeader.<>c.<With_WebSocketFrameHeaderFlags_Fail_ParseBigHeader_When_Overflows_Int64>b__13_0() dans D:\Programmation\WebSocketListener\WebSockets.Tests\With_WebSocketFrameHeader.cs:ligne 203
   à NUnit.Framework.Assert.Throws(IResolveConstraint expression, TestDelegate code, String message, Object[] args)>
]]></message>
              <stack-trace><![CDATA[à WebSockets.Tests.With_WebSocketFrameHeader.With_WebSocketFrameHeaderFlags_Fail_ParseBigHeader_When_Overflows_Int64() dans D:\Programmation\WebSocketListener\WebSockets.Tests\With_WebSocketFrameHeader.cs:ligne 191
]]></stack-trace>
            </failure>
          </test-case>
        </test-suite>
        <test-suite type="TestFixture" id="1027" name="With_WebSocketFrameHeaderFlags" fullname="WebSockets.Tests.With_WebSocketFrameHeaderFlags" classname="WebSockets.Tests.With_WebSocketFrameHeaderFlags" runstate="Runnable" testcasecount="1" result="Passed" start-time="2015-11-27 12:53:17Z" end-time="2015-11-27 12:53:17Z" duration="0.001392" total="1" passed="1" failed="0" inconclusive="0" skipped="0" asserts="29">
          <test-case id="1028" name="With_WebSocketFrameHeaderFlags_Can_Parse" fullname="WebSockets.Tests.With_WebSocketFrameHeaderFlags.With_WebSocketFrameHeaderFlags_Can_Parse" methodname="With_WebSocketFrameHeaderFlags_Can_Parse" classname="WebSockets.Tests.With_WebSocketFrameHeaderFlags" runstate="Runnable" seed="1548583897" result="Passed" start-time="2015-11-27 12:53:17Z" end-time="2015-11-27 12:53:17Z" duration="0.001207" asserts="29" />
        </test-suite>
        <test-suite type="TestFixture" id="1029" name="With_WebSocketHandshaker" fullname="WebSockets.Tests.With_WebSocketHandshaker" classname="WebSockets.Tests.With_WebSocketHandshaker" runstate="Runnable" testcasecount="18" result="Passed" start-time="2015-11-27 12:53:17Z" end-time="2015-11-27 12:53:17Z" duration="0.221758" total="18" passed="18" failed="0" inconclusive="0" skipped="0" asserts="108">
          <test-case id="1044" name="WebSocketHandshaker_CanDetectReturnCookieErrors" fullname="WebSockets.Tests.With_WebSocketHandshaker.WebSocketHandshaker_CanDetectReturnCookieErrors" methodname="WebSocketHandshaker_CanDetectReturnCookieErrors" classname="WebSockets.Tests.With_WebSocketHandshaker" runstate="Runnable" seed="1104968844" result="Passed" start-time="2015-11-27 12:53:17Z" end-time="2015-11-27 12:53:17Z" duration="0.003704" asserts="4" />
          <test-case id="1031" name="WebSocketHandshaker_CanDoSimpleHandshake" fullname="WebSockets.Tests.With_WebSocketHandshaker.WebSocketHandshaker_CanDoSimpleHandshake" methodname="WebSocketHandshaker_CanDoSimpleHandshake" classname="WebSockets.Tests.With_WebSocketHandshaker" runstate="Runnable" seed="1687081151" result="Passed" start-time="2015-11-27 12:53:17Z" end-time="2015-11-27 12:53:17Z" duration="0.002239" asserts="10" />
          <test-case id="1038" name="WebSocketHandshaker_CanIndicateANonSupportedVersion" fullname="WebSockets.Tests.With_WebSocketHandshaker.WebSocketHandshaker_CanIndicateANonSupportedVersion" methodname="WebSocketHandshaker_CanIndicateANonSupportedVersion" classname="WebSockets.Tests.With_WebSocketHandshaker" runstate="Runnable" seed="1813031081" result="Passed" start-time="2015-11-27 12:53:17Z" end-time="2015-11-27 12:53:17Z" duration="0.169844" asserts="4" />
          <test-case id="1039" name="WebSocketHandshaker_CanIndicateANonWebSocketConnection" fullname="WebSockets.Tests.With_WebSocketHandshaker.WebSocketHandshaker_CanIndicateANonWebSocketConnection" methodname="WebSocketHandshaker_CanIndicateANonWebSocketConnection" classname="WebSockets.Tests.With_WebSocketHandshaker" runstate="Runnable" seed="1032857843" result="Passed" start-time="2015-11-27 12:53:17Z" end-time="2015-11-27 12:53:17Z" duration="0.004697" asserts="4" />
          <test-case id="1033" name="WebSocketHandshaker_CanNegotiateAndIgnoreAnExtension" fullname="WebSockets.Tests.With_WebSocketHandshaker.WebSocketHandshaker_CanNegotiateAndIgnoreAnExtension" methodname="WebSocketHandshaker_CanNegotiateAndIgnoreAnExtension" classname="WebSockets.Tests.With_WebSocketHandshaker" runstate="Runnable" seed="1471442810" result="Passed" start-time="2015-11-27 12:53:17Z" end-time="2015-11-27 12:53:17Z" duration="0.002025" asserts="5" />
          <test-case id="1034" name="WebSocketHandshaker_CanNegotiateAnExtension" fullname="WebSockets.Tests.With_WebSocketHandshaker.WebSocketHandshaker_CanNegotiateAnExtension" methodname="WebSocketHandshaker_CanNegotiateAnExtension" classname="WebSockets.Tests.With_WebSocketHandshaker" runstate="Runnable" seed="637137152" result="Passed" start-time="2015-11-27 12:53:17Z" end-time="2015-11-27 12:53:17Z" duration="0.017614" asserts="5" />
          <test-case id="1035" name="WebSocketHandshaker_CanNegotiateAnExtensionWithParameters" fullname="WebSockets.Tests.With_WebSocketHandshaker.WebSocketHandshaker_CanNegotiateAnExtensionWithParameters" methodname="WebSocketHandshaker_CanNegotiateAnExtensionWithParameters" classname="WebSockets.Tests.With_WebSocketHandshaker" runstate="Runnable" seed="1868752976" result="Passed" start-time="2015-11-27 12:53:17Z" end-time="2015-11-27 12:53:17Z" duration="0.004588" asserts="5" />
          <test-case id="1032" name="WebSocketHandshaker_CanNegotiateASubProtocol" fullname="WebSockets.Tests.With_WebSocketHandshaker.WebSocketHandshaker_CanNegotiateASubProtocol" methodname="WebSocketHandshaker_CanNegotiateASubProtocol" classname="WebSockets.Tests.With_WebSocketHandshaker" runstate="Runnable" seed="1693718546" result="Passed" start-time="2015-11-27 12:53:17Z" end-time="2015-11-27 12:53:17Z" duration="0.000907" asserts="5" />
          <test-case id="1030" name="WebSocketHandshaker_CanParseCookies" fullname="WebSockets.Tests.With_WebSocketHandshaker.WebSocketHandshaker_CanParseCookies" methodname="WebSocketHandshaker_CanParseCookies" classname="WebSockets.Tests.With_WebSocketHandshaker" runstate="Runnable" seed="1567116626" result="Passed" start-time="2015-11-27 12:53:17Z" end-time="2015-11-27 12:53:17Z" duration="0.001202" asserts="28" />
          <test-case id="1043" name="WebSocketHandshaker_CanParseMultipleCookie" fullname="WebSockets.Tests.With_WebSocketHandshaker.WebSocketHandshaker_CanParseMultipleCookie" methodname="WebSocketHandshaker_CanParseMultipleCookie" classname="WebSockets.Tests.With_WebSocketHandshaker" runstate="Runnable" seed="1910041187" result="Passed" start-time="2015-11-27 12:53:17Z" end-time="2015-11-27 12:53:17Z" duration="0.000624" asserts="2" />
          <test-case id="1047" name="WebSocketHandshaker_CanParseNullOrigin" fullname="WebSockets.Tests.With_WebSocketHandshaker.WebSocketHandshaker_CanParseNullOrigin" methodname="WebSocketHandshaker_CanParseNullOrigin" classname="WebSockets.Tests.With_WebSocketHandshaker" runstate="Runnable" seed="2110159778" result="Passed" start-time="2015-11-27 12:53:17Z" end-time="2015-11-27 12:53:17Z" duration="0.000742" asserts="6" />
          <test-case id="1042" name="WebSocketHandshaker_CanReturnCookies" fullname="WebSockets.Tests.With_WebSocketHandshaker.WebSocketHandshaker_CanReturnCookies" methodname="WebSocketHandshaker_CanReturnCookies" classname="WebSockets.Tests.With_WebSocketHandshaker" runstate="Runnable" seed="543529208" result="Passed" start-time="2015-11-27 12:53:17Z" end-time="2015-11-27 12:53:17Z" duration="0.000969" asserts="2" />
          <test-case id="1046" name="WebSocketHandshaker_CanSendCustomErrorCode" fullname="WebSockets.Tests.With_WebSocketHandshaker.WebSocketHandshaker_CanSendCustomErrorCode" methodname="WebSocketHandshaker_CanSendCustomErrorCode" classname="WebSockets.Tests.With_WebSocketHandshaker" runstate="Runnable" seed="965381202" result="Passed" start-time="2015-11-27 12:53:17Z" end-time="2015-11-27 12:53:17Z" duration="0.000835" asserts="4" />
          <test-case id="1045" name="WebSocketHandshaker_CanUnderstandEncodedCookies" fullname="WebSockets.Tests.With_WebSocketHandshaker.WebSocketHandshaker_CanUnderstandEncodedCookies" methodname="WebSocketHandshaker_CanUnderstandEncodedCookies" classname="WebSockets.Tests.With_WebSocketHandshaker" runstate="Runnable" seed="736873369" result="Passed" start-time="2015-11-27 12:53:17Z" end-time="2015-11-27 12:53:17Z" duration="0.000638" asserts="4" />
          <test-case id="1041" name="WebSocketHandshaker_FailsWhenBadExtensionRequest" fullname="WebSockets.Tests.With_WebSocketHandshaker.WebSocketHandshaker_FailsWhenBadExtensionRequest" methodname="WebSocketHandshaker_FailsWhenBadExtensionRequest" classname="WebSockets.Tests.With_WebSocketHandshaker" runstate="Runnable" seed="1621176909" result="Passed" start-time="2015-11-27 12:53:17Z" end-time="2015-11-27 12:53:17Z" duration="0.004472" asserts="4" />
          <test-case id="1040" name="WebSocketHandshaker_FailsWhenBadRequest" fullname="WebSockets.Tests.With_WebSocketHandshaker.WebSocketHandshaker_FailsWhenBadRequest" methodname="WebSocketHandshaker_FailsWhenBadRequest" classname="WebSockets.Tests.With_WebSocketHandshaker" runstate="Runnable" seed="1342811530" result="Passed" start-time="2015-11-27 12:53:17Z" end-time="2015-11-27 12:53:17Z" duration="0.003754" asserts="4" />
          <test-case id="1037" name="WebSocketHandshaker_FailWhenSubProtocolRequestedButNoMatch" fullname="WebSockets.Tests.With_WebSocketHandshaker.WebSocketHandshaker_FailWhenSubProtocolRequestedButNoMatch" methodname="WebSocketHandshaker_FailWhenSubProtocolRequestedButNoMatch" classname="WebSockets.Tests.With_WebSocketHandshaker" runstate="Runnable" seed="1435497444" result="Passed" start-time="2015-11-27 12:53:17Z" end-time="2015-11-27 12:53:17Z" duration="0.000797" asserts="6" />
          <test-case id="1036" name="WebSocketHandshaker_FailWhenSubProtocolRequestedButNotOffered" fullname="WebSockets.Tests.With_WebSocketHandshaker.WebSocketHandshaker_FailWhenSubProtocolRequestedButNotOffered" methodname="WebSocketHandshaker_FailWhenSubProtocolRequestedButNotOffered" classname="WebSockets.Tests.With_WebSocketHandshaker" runstate="Runnable" seed="451452096" result="Passed" start-time="2015-11-27 12:53:17Z" end-time="2015-11-27 12:53:17Z" duration="0.000721" asserts="6" />
        </test-suite>
      </test-suite>
    </test-suite>
  </test-suite>
</test-run>